<?xml version="1.0" encoding="utf-8"?>


<TableLayout xmlns:android="http://schemas.android.com/apk/res/android"
        android:layout_width="fill_parent"
        android:layout_height="fill_parent" android:baselineAligned="false"
        android:padding="8dp" android:stretchColumns="*">
    <TableRow
            android:layout_width="fill_parent"
            android:layout_height="wrap_content">
        <TextView
                android:layout_width="fill_parent"
                android:layout_height="wrap_content"
                android:text="XOR" android:layout_gravity="center"/>
        <TextView
                android:layout_width="fill_parent"
                android:layout_height="wrap_content"
                android:id="@+id/test_xor_value" android:layout_gravity="center"/>
    </TableRow>
    <TableRow
            android:layout_width="fill_parent"
            android:layout_height="fill_parent">
        <TextView
                android:layout_width="fill_parent"
                android:layout_height="wrap_content"
                android:text="AND" android:layout_gravity="center"/>
        <TextView
                android:layout_width="fill_parent"
                android:layout_height="wrap_content"
                android:id="@+id/test_and_value" android:layout_gravity="center"/>
    </TableRow>
    <TableRow
            android:layout_width="fill_parent"
            android:layout_height="fill_parent">
        <TextView
                android:layout_width="fill_parent"
                android:layout_height="wrap_content"
                android:text="ADD" android:layout_gravity="center"/>
        <TextView
                android:layout_width="fill_parent"
                android:layout_height="wrap_content"
                android:id="@+id/test_add_value" android:layout_gravity="center"/>
    </TableRow>
    <TableRow
            android:layout_width="fill_parent"
            android:layout_height="fill_parent">
        <TextView
                android:layout_width="fill_parent"
                android:layout_height="wrap_content"
                android:text="SUB" android:layout_gravity="center"/>
        <TextView
                android:layout_width="fill_parent"
                android:layout_height="wrap_content"
                android:id="@+id/test_sub_value" android:layout_gravity="center"/>
    </TableRow>
</TableLayout>